  main.c
C:\Program Files (x86)\Windows Kits\10\Include\10.0.22621.0\shared\minwindef.h(130,1): warning C4005: APIENTRY: изменение макроопределения
C:\Users\Александр\Desktop\Курсовая работа Ивлев Степанов\WAR_SHIP\LIBRARIES\include\GLFW\glfw3.h(123): message : см. предыдущее определение "APIENTRY"
C:\Users\Александр\Desktop\Курсовая работа Ивлев Степанов\WAR_SHIP\WAR_SHIP\main.c(147,27): warning C4018: <: несоответствие типов со знаком и без знака
C:\Users\Александр\Desktop\Курсовая работа Ивлев Степанов\WAR_SHIP\WAR_SHIP\main.c(148,31): warning C4018: <: несоответствие типов со знаком и без знака
C:\Users\Александр\Desktop\Курсовая работа Ивлев Степанов\WAR_SHIP\WAR_SHIP\main.c(146,1): warning C4244: инициализация: преобразование "FT_Int" в "float", возможна потеря данных
C:\Users\Александр\Desktop\Курсовая работа Ивлев Степанов\WAR_SHIP\WAR_SHIP\main.c(343,34): warning C4013: load_game: нет определения; предполагается "extern" с возвратом типа "int"
C:\Users\Александр\Desktop\Курсовая работа Ивлев Степанов\WAR_SHIP\WAR_SHIP\main.c(301,1): warning C4244: инициализация: преобразование "double" в "float", возможна потеря данных
C:\Users\Александр\Desktop\Курсовая работа Ивлев Степанов\WAR_SHIP\WAR_SHIP\main.c(302,1): warning C4244: инициализация: преобразование "double" в "float", возможна потеря данных
C:\Users\Александр\Desktop\Курсовая работа Ивлев Степанов\WAR_SHIP\WAR_SHIP\main.c(585,23): warning C4305: функция: усечение из "double" в "float"
C:\Users\Александр\Desktop\Курсовая работа Ивлев Степанов\WAR_SHIP\WAR_SHIP\main.c(585,30): warning C4305: функция: усечение из "double" в "float"
C:\Users\Александр\Desktop\Курсовая работа Ивлев Степанов\WAR_SHIP\WAR_SHIP\main.c(586,23): warning C4305: функция: усечение из "double" в "float"
C:\Users\Александр\Desktop\Курсовая работа Ивлев Степанов\WAR_SHIP\WAR_SHIP\main.c(587,23): warning C4305: функция: усечение из "double" в "float"
C:\Users\Александр\Desktop\Курсовая работа Ивлев Степанов\WAR_SHIP\WAR_SHIP\main.c(587,30): warning C4305: функция: усечение из "double" в "float"
C:\Users\Александр\Desktop\Курсовая работа Ивлев Степанов\WAR_SHIP\WAR_SHIP\main.c(588,23): warning C4305: функция: усечение из "double" в "float"
C:\Users\Александр\Desktop\Курсовая работа Ивлев Степанов\WAR_SHIP\WAR_SHIP\main.c(588,30): warning C4305: функция: усечение из "double" в "float"
C:\Users\Александр\Desktop\Курсовая работа Ивлев Степанов\WAR_SHIP\WAR_SHIP\main.c(589,23): warning C4305: функция: усечение из "double" в "float"
C:\Users\Александр\Desktop\Курсовая работа Ивлев Степанов\WAR_SHIP\WAR_SHIP\main.c(589,30): warning C4305: функция: усечение из "double" в "float"
C:\Users\Александр\Desktop\Курсовая работа Ивлев Степанов\WAR_SHIP\WAR_SHIP\main.c(590,23): warning C4305: функция: усечение из "double" в "float"
C:\Users\Александр\Desktop\Курсовая работа Ивлев Степанов\WAR_SHIP\WAR_SHIP\main.c(590,30): warning C4305: функция: усечение из "double" в "float"
C:\Users\Александр\Desktop\Курсовая работа Ивлев Степанов\WAR_SHIP\WAR_SHIP\main.c(591,23): warning C4305: функция: усечение из "double" в "float"
C:\Users\Александр\Desktop\Курсовая работа Ивлев Степанов\WAR_SHIP\WAR_SHIP\main.c(591,30): warning C4305: функция: усечение из "double" в "float"
C:\Users\Александр\Desktop\Курсовая работа Ивлев Степанов\WAR_SHIP\WAR_SHIP\main.c(592,23): warning C4305: функция: усечение из "double" в "float"
C:\Users\Александр\Desktop\Курсовая работа Ивлев Степанов\WAR_SHIP\WAR_SHIP\main.c(592,30): warning C4305: функция: усечение из "double" в "float"
C:\Users\Александр\Desktop\Курсовая работа Ивлев Степанов\WAR_SHIP\WAR_SHIP\main.c(593,28): warning C4305: функция: усечение из "double" в "float"
C:\Users\Александр\Desktop\Курсовая работа Ивлев Степанов\WAR_SHIP\WAR_SHIP\main.c(594,29): warning C4305: функция: усечение из "double" в "float"
C:\Users\Александр\Desktop\Курсовая работа Ивлев Степанов\WAR_SHIP\WAR_SHIP\main.c(596,69): warning C4305: функция: усечение из "double" в "float"
C:\Users\Александр\Desktop\Курсовая работа Ивлев Степанов\WAR_SHIP\WAR_SHIP\main.c(596,76): warning C4305: функция: усечение из "double" в "float"
C:\Users\Александр\Desktop\Курсовая работа Ивлев Степанов\WAR_SHIP\WAR_SHIP\main.c(598,54): warning C4305: функция: усечение из "double" в "float"
C:\Users\Александр\Desktop\Курсовая работа Ивлев Степанов\WAR_SHIP\WAR_SHIP\main.c(598,61): warning C4305: функция: усечение из "double" в "float"
C:\Users\Александр\Desktop\Курсовая работа Ивлев Степанов\WAR_SHIP\WAR_SHIP\main.c(599,79): warning C4305: функция: усечение из "double" в "float"
C:\Users\Александр\Desktop\Курсовая работа Ивлев Степанов\WAR_SHIP\WAR_SHIP\main.c(599,86): warning C4305: функция: усечение из "double" в "float"
C:\Users\Александр\Desktop\Курсовая работа Ивлев Степанов\WAR_SHIP\WAR_SHIP\main.c(600,79): warning C4305: функция: усечение из "double" в "float"
C:\Users\Александр\Desktop\Курсовая работа Ивлев Степанов\WAR_SHIP\WAR_SHIP\main.c(600,86): warning C4305: функция: усечение из "double" в "float"
C:\Users\Александр\Desktop\Курсовая работа Ивлев Степанов\WAR_SHIP\WAR_SHIP\main.c(601,80): warning C4305: функция: усечение из "double" в "float"
C:\Users\Александр\Desktop\Курсовая работа Ивлев Степанов\WAR_SHIP\WAR_SHIP\main.c(601,87): warning C4305: функция: усечение из "double" в "float"
C:\Users\Александр\Desktop\Курсовая работа Ивлев Степанов\WAR_SHIP\WAR_SHIP\main.c(605,28): warning C4305: функция: усечение из "double" в "float"
C:\Users\Александр\Desktop\Курсовая работа Ивлев Степанов\WAR_SHIP\WAR_SHIP\main.c(605,35): warning C4305: функция: усечение из "double" в "float"
C:\Users\Александр\Desktop\Курсовая работа Ивлев Степанов\WAR_SHIP\WAR_SHIP\main.c(606,28): warning C4305: функция: усечение из "double" в "float"
C:\Users\Александр\Desktop\Курсовая работа Ивлев Степанов\WAR_SHIP\WAR_SHIP\main.c(606,36): warning C4305: функция: усечение из "double" в "float"
C:\Users\Александр\Desktop\Курсовая работа Ивлев Степанов\WAR_SHIP\WAR_SHIP\main.c(609,28): warning C4305: функция: усечение из "double" в "float"
C:\Users\Александр\Desktop\Курсовая работа Ивлев Степанов\WAR_SHIP\WAR_SHIP\main.c(609,35): warning C4305: функция: усечение из "double" в "float"
C:\Users\Александр\Desktop\Курсовая работа Ивлев Степанов\WAR_SHIP\WAR_SHIP\main.c(610,28): warning C4305: функция: усечение из "double" в "float"
C:\Users\Александр\Desktop\Курсовая работа Ивлев Степанов\WAR_SHIP\WAR_SHIP\main.c(610,36): warning C4305: функция: усечение из "double" в "float"
C:\Users\Александр\Desktop\Курсовая работа Ивлев Степанов\WAR_SHIP\WAR_SHIP\main.c(613,28): warning C4305: функция: усечение из "double" в "float"
C:\Users\Александр\Desktop\Курсовая работа Ивлев Степанов\WAR_SHIP\WAR_SHIP\main.c(613,35): warning C4305: функция: усечение из "double" в "float"
C:\Users\Александр\Desktop\Курсовая работа Ивлев Степанов\WAR_SHIP\WAR_SHIP\main.c(614,28): warning C4305: функция: усечение из "double" в "float"
C:\Users\Александр\Desktop\Курсовая работа Ивлев Степанов\WAR_SHIP\WAR_SHIP\main.c(614,36): warning C4305: функция: усечение из "double" в "float"
C:\Users\Александр\Desktop\Курсовая работа Ивлев Степанов\WAR_SHIP\WAR_SHIP\main.c(617,28): warning C4305: функция: усечение из "double" в "float"
C:\Users\Александр\Desktop\Курсовая работа Ивлев Степанов\WAR_SHIP\WAR_SHIP\main.c(617,35): warning C4305: функция: усечение из "double" в "float"
C:\Users\Александр\Desktop\Курсовая работа Ивлев Степанов\WAR_SHIP\WAR_SHIP\main.c(618,28): warning C4305: функция: усечение из "double" в "float"
C:\Users\Александр\Desktop\Курсовая работа Ивлев Степанов\WAR_SHIP\WAR_SHIP\main.c(618,36): warning C4305: функция: усечение из "double" в "float"
C:\Users\Александр\Desktop\Курсовая работа Ивлев Степанов\WAR_SHIP\WAR_SHIP\main.c(622,25): warning C4305: функция: усечение из "double" в "float"
C:\Users\Александр\Desktop\Курсовая работа Ивлев Степанов\WAR_SHIP\WAR_SHIP\main.c(622,31): warning C4305: функция: усечение из "double" в "float"
C:\Users\Александр\Desktop\Курсовая работа Ивлев Степанов\WAR_SHIP\WAR_SHIP\main.c(626,21): warning C4305: функция: усечение из "double" в "float"
C:\Users\Александр\Desktop\Курсовая работа Ивлев Степанов\WAR_SHIP\WAR_SHIP\main.c(626,28): warning C4305: функция: усечение из "double" в "float"
C:\Users\Александр\Desktop\Курсовая работа Ивлев Степанов\WAR_SHIP\WAR_SHIP\main.c(630,21): warning C4305: функция: усечение из "double" в "float"
C:\Users\Александр\Desktop\Курсовая работа Ивлев Степанов\WAR_SHIP\WAR_SHIP\main.c(630,28): warning C4305: функция: усечение из "double" в "float"
C:\Users\Александр\Desktop\Курсовая работа Ивлев Степанов\WAR_SHIP\WAR_SHIP\main.c(635,21): warning C4305: функция: усечение из "double" в "float"
C:\Users\Александр\Desktop\Курсовая работа Ивлев Степанов\WAR_SHIP\WAR_SHIP\main.c(635,28): warning C4305: функция: усечение из "double" в "float"
C:\Users\Александр\Desktop\Курсовая работа Ивлев Степанов\WAR_SHIP\WAR_SHIP\main.c(641,21): warning C4305: функция: усечение из "double" в "float"
C:\Users\Александр\Desktop\Курсовая работа Ивлев Степанов\WAR_SHIP\WAR_SHIP\main.c(641,28): warning C4305: функция: усечение из "double" в "float"
C:\Users\Александр\Desktop\Курсовая работа Ивлев Степанов\WAR_SHIP\WAR_SHIP\main.c(650,21): warning C4305: функция: усечение из "double" в "float"
C:\Users\Александр\Desktop\Курсовая работа Ивлев Степанов\WAR_SHIP\WAR_SHIP\main.c(650,27): warning C4305: функция: усечение из "double" в "float"
C:\Users\Александр\Desktop\Курсовая работа Ивлев Степанов\WAR_SHIP\WAR_SHIP\main.c(652,21): warning C4305: функция: усечение из "double" в "float"
C:\Users\Александр\Desktop\Курсовая работа Ивлев Степанов\WAR_SHIP\WAR_SHIP\main.c(652,28): warning C4305: функция: усечение из "double" в "float"
C:\Users\Александр\Desktop\Курсовая работа Ивлев Степанов\WAR_SHIP\WAR_SHIP\main.c(654,79): warning C4305: функция: усечение из "double" в "float"
C:\Users\Александр\Desktop\Курсовая работа Ивлев Степанов\WAR_SHIP\WAR_SHIP\main.c(654,86): warning C4305: функция: усечение из "double" в "float"
C:\Users\Александр\Desktop\Курсовая работа Ивлев Степанов\WAR_SHIP\WAR_SHIP\main.c(655,26): warning C4305: функция: усечение из "double" в "float"
C:\Users\Александр\Desktop\Курсовая работа Ивлев Степанов\WAR_SHIP\WAR_SHIP\main.c(655,33): warning C4305: функция: усечение из "double" в "float"
C:\Users\Александр\Desktop\Курсовая работа Ивлев Степанов\WAR_SHIP\WAR_SHIP\main.c(672,23): warning C4305: функция: усечение из "double" в "float"
C:\Users\Александр\Desktop\Курсовая работа Ивлев Степанов\WAR_SHIP\WAR_SHIP\main.c(672,30): warning C4305: функция: усечение из "double" в "float"
C:\Users\Александр\Desktop\Курсовая работа Ивлев Степанов\WAR_SHIP\WAR_SHIP\main.c(673,23): warning C4305: функция: усечение из "double" в "float"
C:\Users\Александр\Desktop\Курсовая работа Ивлев Степанов\WAR_SHIP\WAR_SHIP\main.c(673,30): warning C4305: функция: усечение из "double" в "float"
C:\Users\Александр\Desktop\Курсовая работа Ивлев Степанов\WAR_SHIP\WAR_SHIP\main.c(674,23): warning C4305: функция: усечение из "double" в "float"
C:\Users\Александр\Desktop\Курсовая работа Ивлев Степанов\WAR_SHIP\WAR_SHIP\main.c(675,23): warning C4305: функция: усечение из "double" в "float"
C:\Users\Александр\Desktop\Курсовая работа Ивлев Степанов\WAR_SHIP\WAR_SHIP\main.c(675,30): warning C4305: функция: усечение из "double" в "float"
C:\Users\Александр\Desktop\Курсовая работа Ивлев Степанов\WAR_SHIP\WAR_SHIP\main.c(676,23): warning C4305: функция: усечение из "double" в "float"
C:\Users\Александр\Desktop\Курсовая работа Ивлев Степанов\WAR_SHIP\WAR_SHIP\main.c(676,30): warning C4305: функция: усечение из "double" в "float"
C:\Users\Александр\Desktop\Курсовая работа Ивлев Степанов\WAR_SHIP\WAR_SHIP\main.c(677,22): warning C4305: функция: усечение из "double" в "float"
C:\Users\Александр\Desktop\Курсовая работа Ивлев Степанов\WAR_SHIP\WAR_SHIP\main.c(677,29): warning C4305: функция: усечение из "double" в "float"
C:\Users\Александр\Desktop\Курсовая работа Ивлев Степанов\WAR_SHIP\WAR_SHIP\main.c(678,22): warning C4305: функция: усечение из "double" в "float"
C:\Users\Александр\Desktop\Курсовая работа Ивлев Степанов\WAR_SHIP\WAR_SHIP\main.c(678,29): warning C4305: функция: усечение из "double" в "float"
C:\Users\Александр\Desktop\Курсовая работа Ивлев Степанов\WAR_SHIP\WAR_SHIP\main.c(679,22): warning C4305: функция: усечение из "double" в "float"
C:\Users\Александр\Desktop\Курсовая работа Ивлев Степанов\WAR_SHIP\WAR_SHIP\main.c(679,29): warning C4305: функция: усечение из "double" в "float"
C:\Users\Александр\Desktop\Курсовая работа Ивлев Степанов\WAR_SHIP\WAR_SHIP\main.c(680,22): warning C4305: функция: усечение из "double" в "float"
C:\Users\Александр\Desktop\Курсовая работа Ивлев Степанов\WAR_SHIP\WAR_SHIP\main.c(680,29): warning C4305: функция: усечение из "double" в "float"
C:\Users\Александр\Desktop\Курсовая работа Ивлев Степанов\WAR_SHIP\WAR_SHIP\main.c(681,22): warning C4305: функция: усечение из "double" в "float"
C:\Users\Александр\Desktop\Курсовая работа Ивлев Степанов\WAR_SHIP\WAR_SHIP\main.c(681,29): warning C4305: функция: усечение из "double" в "float"
C:\Users\Александр\Desktop\Курсовая работа Ивлев Степанов\WAR_SHIP\WAR_SHIP\main.c(682,28): warning C4305: функция: усечение из "double" в "float"
C:\Users\Александр\Desktop\Курсовая работа Ивлев Степанов\WAR_SHIP\WAR_SHIP\main.c(683,29): warning C4305: функция: усечение из "double" в "float"
C:\Users\Александр\Desktop\Курсовая работа Ивлев Степанов\WAR_SHIP\WAR_SHIP\main.c(685,70): warning C4305: функция: усечение из "double" в "float"
C:\Users\Александр\Desktop\Курсовая работа Ивлев Степанов\WAR_SHIP\WAR_SHIP\main.c(685,77): warning C4305: функция: усечение из "double" в "float"
C:\Users\Александр\Desktop\Курсовая работа Ивлев Степанов\WAR_SHIP\WAR_SHIP\main.c(687,55): warning C4305: функция: усечение из "double" в "float"
C:\Users\Александр\Desktop\Курсовая работа Ивлев Степанов\WAR_SHIP\WAR_SHIP\main.c(687,62): warning C4305: функция: усечение из "double" в "float"
C:\Users\Александр\Desktop\Курсовая работа Ивлев Степанов\WAR_SHIP\WAR_SHIP\main.c(688,55): warning C4305: функция: усечение из "double" в "float"
C:\Users\Александр\Desktop\Курсовая работа Ивлев Степанов\WAR_SHIP\WAR_SHIP\main.c(688,62): warning C4305: функция: усечение из "double" в "float"
C:\Users\Александр\Desktop\Курсовая работа Ивлев Степанов\WAR_SHIP\WAR_SHIP\main.c(689,80): warning C4305: функция: усечение из "double" в "float"
C:\Users\Александр\Desktop\Курсовая работа Ивлев Степанов\WAR_SHIP\WAR_SHIP\main.c(689,87): warning C4305: функция: усечение из "double" в "float"
C:\Users\Александр\Desktop\Курсовая работа Ивлев Степанов\WAR_SHIP\WAR_SHIP\main.c(690,80): warning C4305: функция: усечение из "double" в "float"
C:\Users\Александр\Desktop\Курсовая работа Ивлев Степанов\WAR_SHIP\WAR_SHIP\main.c(690,87): warning C4305: функция: усечение из "double" в "float"
C:\Users\Александр\Desktop\Курсовая работа Ивлев Степанов\WAR_SHIP\WAR_SHIP\main.c(691,81): warning C4305: функция: усечение из "double" в "float"
C:\Users\Александр\Desktop\Курсовая работа Ивлев Степанов\WAR_SHIP\WAR_SHIP\main.c(691,88): warning C4305: функция: усечение из "double" в "float"
C:\Users\Александр\Desktop\Курсовая работа Ивлев Степанов\WAR_SHIP\WAR_SHIP\main.c(695,29): warning C4305: функция: усечение из "double" в "float"
C:\Users\Александр\Desktop\Курсовая работа Ивлев Степанов\WAR_SHIP\WAR_SHIP\main.c(695,36): warning C4305: функция: усечение из "double" в "float"
C:\Users\Александр\Desktop\Курсовая работа Ивлев Степанов\WAR_SHIP\WAR_SHIP\main.c(696,29): warning C4305: функция: усечение из "double" в "float"
C:\Users\Александр\Desktop\Курсовая работа Ивлев Степанов\WAR_SHIP\WAR_SHIP\main.c(696,37): warning C4305: функция: усечение из "double" в "float"
C:\Users\Александр\Desktop\Курсовая работа Ивлев Степанов\WAR_SHIP\WAR_SHIP\main.c(699,29): warning C4305: функция: усечение из "double" в "float"
C:\Users\Александр\Desktop\Курсовая работа Ивлев Степанов\WAR_SHIP\WAR_SHIP\main.c(699,36): warning C4305: функция: усечение из "double" в "float"
C:\Users\Александр\Desktop\Курсовая работа Ивлев Степанов\WAR_SHIP\WAR_SHIP\main.c(700,29): warning C4305: функция: усечение из "double" в "float"
C:\Users\Александр\Desktop\Курсовая работа Ивлев Степанов\WAR_SHIP\WAR_SHIP\main.c(700,37): warning C4305: функция: усечение из "double" в "float"
C:\Users\Александр\Desktop\Курсовая работа Ивлев Степанов\WAR_SHIP\WAR_SHIP\main.c(703,29): warning C4305: функция: усечение из "double" в "float"
C:\Users\Александр\Desktop\Курсовая работа Ивлев Степанов\WAR_SHIP\WAR_SHIP\main.c(703,36): warning C4305: функция: усечение из "double" в "float"
C:\Users\Александр\Desktop\Курсовая работа Ивлев Степанов\WAR_SHIP\WAR_SHIP\main.c(704,29): warning C4305: функция: усечение из "double" в "float"
C:\Users\Александр\Desktop\Курсовая работа Ивлев Степанов\WAR_SHIP\WAR_SHIP\main.c(704,37): warning C4305: функция: усечение из "double" в "float"
C:\Users\Александр\Desktop\Курсовая работа Ивлев Степанов\WAR_SHIP\WAR_SHIP\main.c(707,29): warning C4305: функция: усечение из "double" в "float"
C:\Users\Александр\Desktop\Курсовая работа Ивлев Степанов\WAR_SHIP\WAR_SHIP\main.c(707,36): warning C4305: функция: усечение из "double" в "float"
C:\Users\Александр\Desktop\Курсовая работа Ивлев Степанов\WAR_SHIP\WAR_SHIP\main.c(708,29): warning C4305: функция: усечение из "double" в "float"
C:\Users\Александр\Desktop\Курсовая работа Ивлев Степанов\WAR_SHIP\WAR_SHIP\main.c(708,37): warning C4305: функция: усечение из "double" в "float"
C:\Users\Александр\Desktop\Курсовая работа Ивлев Степанов\WAR_SHIP\WAR_SHIP\main.c(711,29): warning C4305: функция: усечение из "double" в "float"
C:\Users\Александр\Desktop\Курсовая работа Ивлев Степанов\WAR_SHIP\WAR_SHIP\main.c(711,36): warning C4305: функция: усечение из "double" в "float"
C:\Users\Александр\Desktop\Курсовая работа Ивлев Степанов\WAR_SHIP\WAR_SHIP\main.c(712,29): warning C4305: функция: усечение из "double" в "float"
C:\Users\Александр\Desktop\Курсовая работа Ивлев Степанов\WAR_SHIP\WAR_SHIP\main.c(712,37): warning C4305: функция: усечение из "double" в "float"
C:\Users\Александр\Desktop\Курсовая работа Ивлев Степанов\WAR_SHIP\WAR_SHIP\main.c(716,25): warning C4305: функция: усечение из "double" в "float"
C:\Users\Александр\Desktop\Курсовая работа Ивлев Степанов\WAR_SHIP\WAR_SHIP\main.c(716,31): warning C4305: функция: усечение из "double" в "float"
C:\Users\Александр\Desktop\Курсовая работа Ивлев Степанов\WAR_SHIP\WAR_SHIP\main.c(720,21): warning C4305: функция: усечение из "double" в "float"
C:\Users\Александр\Desktop\Курсовая работа Ивлев Степанов\WAR_SHIP\WAR_SHIP\main.c(720,28): warning C4305: функция: усечение из "double" в "float"
C:\Users\Александр\Desktop\Курсовая работа Ивлев Степанов\WAR_SHIP\WAR_SHIP\main.c(723,21): warning C4305: функция: усечение из "double" в "float"
C:\Users\Александр\Desktop\Курсовая работа Ивлев Степанов\WAR_SHIP\WAR_SHIP\main.c(723,28): warning C4305: функция: усечение из "double" в "float"
C:\Users\Александр\Desktop\Курсовая работа Ивлев Степанов\WAR_SHIP\WAR_SHIP\main.c(727,21): warning C4305: функция: усечение из "double" в "float"
C:\Users\Александр\Desktop\Курсовая работа Ивлев Степанов\WAR_SHIP\WAR_SHIP\main.c(727,28): warning C4305: функция: усечение из "double" в "float"
C:\Users\Александр\Desktop\Курсовая работа Ивлев Степанов\WAR_SHIP\WAR_SHIP\main.c(732,21): warning C4305: функция: усечение из "double" в "float"
C:\Users\Александр\Desktop\Курсовая работа Ивлев Степанов\WAR_SHIP\WAR_SHIP\main.c(732,28): warning C4305: функция: усечение из "double" в "float"
C:\Users\Александр\Desktop\Курсовая работа Ивлев Степанов\WAR_SHIP\WAR_SHIP\main.c(738,21): warning C4305: функция: усечение из "double" в "float"
C:\Users\Александр\Desktop\Курсовая работа Ивлев Степанов\WAR_SHIP\WAR_SHIP\main.c(738,28): warning C4305: функция: усечение из "double" в "float"
C:\Users\Александр\Desktop\Курсовая работа Ивлев Степанов\WAR_SHIP\WAR_SHIP\main.c(745,21): warning C4305: функция: усечение из "double" в "float"
C:\Users\Александр\Desktop\Курсовая работа Ивлев Степанов\WAR_SHIP\WAR_SHIP\main.c(745,27): warning C4305: функция: усечение из "double" в "float"
C:\Users\Александр\Desktop\Курсовая работа Ивлев Степанов\WAR_SHIP\WAR_SHIP\main.c(747,21): warning C4305: функция: усечение из "double" в "float"
C:\Users\Александр\Desktop\Курсовая работа Ивлев Степанов\WAR_SHIP\WAR_SHIP\main.c(747,28): warning C4305: функция: усечение из "double" в "float"
C:\Users\Александр\Desktop\Курсовая работа Ивлев Степанов\WAR_SHIP\WAR_SHIP\main.c(749,79): warning C4305: функция: усечение из "double" в "float"
C:\Users\Александр\Desktop\Курсовая работа Ивлев Степанов\WAR_SHIP\WAR_SHIP\main.c(749,86): warning C4305: функция: усечение из "double" в "float"
C:\Users\Александр\Desktop\Курсовая работа Ивлев Степанов\WAR_SHIP\WAR_SHIP\main.c(750,26): warning C4305: функция: усечение из "double" в "float"
C:\Users\Александр\Desktop\Курсовая работа Ивлев Степанов\WAR_SHIP\WAR_SHIP\main.c(750,33): warning C4305: функция: усечение из "double" в "float"
C:\Users\Александр\Desktop\Курсовая работа Ивлев Степанов\WAR_SHIP\WAR_SHIP\main.c(1062,34): warning C4013: save_game: нет определения; предполагается "extern" с возвратом типа "int"
C:\Users\Александр\Desktop\Курсовая работа Ивлев Степанов\WAR_SHIP\WAR_SHIP\main.c(1063,41): warning C4013: delete_save_data: нет определения; предполагается "extern" с возвратом типа "int"
C:\Users\Александр\Desktop\Курсовая работа Ивлев Степанов\WAR_SHIP\WAR_SHIP\main.c(1107,54): warning C4013: placement_ten: нет определения; предполагается "extern" с возвратом типа "int"
C:\Users\Александр\Desktop\Курсовая работа Ивлев Степанов\WAR_SHIP\WAR_SHIP\main.c(1117,53): warning C4013: placement_fi: нет определения; предполагается "extern" с возвратом типа "int"
C:\Users\Александр\Desktop\Курсовая работа Ивлев Степанов\WAR_SHIP\WAR_SHIP\main.c(1146,60): warning C4047: !=: "int [1]" отличается по уровням косвенного обращения от "int"
C:\Users\Александр\Desktop\Курсовая работа Ивлев Степанов\WAR_SHIP\WAR_SHIP\main.c(1146,99): warning C4047: !=: "int [1]" отличается по уровням косвенного обращения от "int"
C:\Users\Александр\Desktop\Курсовая работа Ивлев Степанов\WAR_SHIP\WAR_SHIP\main.c(1149,60): warning C4013: game_ten: нет определения; предполагается "extern" с возвратом типа "int"
C:\Users\Александр\Desktop\Курсовая работа Ивлев Степанов\WAR_SHIP\WAR_SHIP\main.c(1178,60): warning C4047: !=: "int [1]" отличается по уровням косвенного обращения от "int"
C:\Users\Александр\Desktop\Курсовая работа Ивлев Степанов\WAR_SHIP\WAR_SHIP\main.c(1178,99): warning C4047: !=: "int [1]" отличается по уровням косвенного обращения от "int"
C:\Users\Александр\Desktop\Курсовая работа Ивлев Степанов\WAR_SHIP\WAR_SHIP\main.c(1180,59): warning C4013: game_fi: нет определения; предполагается "extern" с возвратом типа "int"
C:\Users\Александр\Desktop\Курсовая работа Ивлев Степанов\WAR_SHIP\WAR_SHIP\main.c(1043,1): warning C4244: инициализация: преобразование "double" в "float", возможна потеря данных
C:\Users\Александр\Desktop\Курсовая работа Ивлев Степанов\WAR_SHIP\WAR_SHIP\main.c(1044,1): warning C4244: инициализация: преобразование "double" в "float", возможна потеря данных
C:\Users\Александр\Desktop\Курсовая работа Ивлев Степанов\WAR_SHIP\WAR_SHIP\main.c(1198,1): warning C4244: инициализация: преобразование "double" в "float", возможна потеря данных
C:\Users\Александр\Desktop\Курсовая работа Ивлев Степанов\WAR_SHIP\WAR_SHIP\main.c(1199,1): warning C4244: инициализация: преобразование "double" в "float", возможна потеря данных
C:\Users\Александр\Desktop\Курсовая работа Ивлев Степанов\WAR_SHIP\WAR_SHIP\main.c(1254,26): warning C4013: placement_bot_ten: нет определения; предполагается "extern" с возвратом типа "int"
C:\Users\Александр\Desktop\Курсовая работа Ивлев Степанов\WAR_SHIP\WAR_SHIP\main.c(1258,25): warning C4013: placement_bot_fi: нет определения; предполагается "extern" с возвратом типа "int"
C:\Users\Александр\Desktop\Курсовая работа Ивлев Степанов\WAR_SHIP\WAR_SHIP\main.c(1469,26): warning C4013: storm_ten: нет определения; предполагается "extern" с возвратом типа "int"
C:\Users\Александр\Desktop\Курсовая работа Ивлев Степанов\WAR_SHIP\WAR_SHIP\main.c(1473,25): warning C4013: storm_fi: нет определения; предполагается "extern" с возвратом типа "int"
C:\Users\Александр\Desktop\Курсовая работа Ивлев Степанов\WAR_SHIP\WAR_SHIP\main.c(1564,61): warning C4047: <=: "int [1]" отличается по уровням косвенного обращения от "int"
C:\Users\Александр\Desktop\Курсовая работа Ивлев Степанов\WAR_SHIP\WAR_SHIP\main.c(1595,30): warning C4047: функция: "record_node **" отличается по уровням косвенного обращения от "record_node *"
C:\Users\Александр\Desktop\Курсовая работа Ивлев Степанов\WAR_SHIP\WAR_SHIP\main.c(1595,24): warning C4024: add_record: различные типы для формального и фактического параметров 1
C:\Users\Александр\Desktop\Курсовая работа Ивлев Степанов\WAR_SHIP\WAR_SHIP\main.c(1650,16): warning C4013: load_record: нет определения; предполагается "extern" с возвратом типа "int"
C:\Users\Александр\Desktop\Курсовая работа Ивлев Степанов\WAR_SHIP\WAR_SHIP\main.c(1653,29): warning C4013: is_save: нет определения; предполагается "extern" с возвратом типа "int"
C:\Users\Александр\Desktop\Курсовая работа Ивлев Степанов\WAR_SHIP\WAR_SHIP\main.c(1655,21): warning C4244: функция: преобразование "time_t" в "unsigned int", возможна потеря данных
C:\Users\Александр\Desktop\Курсовая работа Ивлев Степанов\WAR_SHIP\WAR_SHIP\main.c(1726,52): warning C4047: функция: "record_node *" отличается по уровням косвенного обращения от "record_node **"
C:\Users\Александр\Desktop\Курсовая работа Ивлев Степанов\WAR_SHIP\WAR_SHIP\main.c(1726,45): warning C4024: continue_but: различные типы для формального и фактического параметров 3
C:\Users\Александр\Desktop\Курсовая работа Ивлев Степанов\WAR_SHIP\WAR_SHIP\main.c(1748,63): warning C4013: game_bot_ten: нет определения; предполагается "extern" с возвратом типа "int"
C:\Users\Александр\Desktop\Курсовая работа Ивлев Степанов\WAR_SHIP\WAR_SHIP\main.c(1752,62): warning C4013: game_bot_fi: нет определения; предполагается "extern" с возвратом типа "int"
C:\Users\Александр\Desktop\Курсовая работа Ивлев Степанов\WAR_SHIP\WAR_SHIP\main.c(1756,52): warning C4047: функция: "record_node *" отличается по уровням косвенного обращения от "record_node **"
C:\Users\Александр\Desktop\Курсовая работа Ивлев Степанов\WAR_SHIP\WAR_SHIP\main.c(1756,45): warning C4024: continue_but: различные типы для формального и фактического параметров 3
C:\Users\Александр\Desktop\Курсовая работа Ивлев Степанов\WAR_SHIP\WAR_SHIP\main.c(1764,16): warning C4013: save_record: нет определения; предполагается "extern" с возвратом типа "int"
glfw3.lib(init.obj) : warning LNK4099: "glfw3.pdb" PDB не найден с "glfw3.lib(init.obj)" или на "C:\Users\Александр\Desktop\Курсовая работа Ивлев Степанов\WAR_SHIP\x64\Debug\glfw3.pdb"; компоновка объекта выполняется как при отсутствии отладочных данных
glfw3.lib(win32_joystick.obj) : warning LNK4099: "glfw3.pdb" PDB не найден с "glfw3.lib(win32_joystick.obj)" или на "C:\Users\Александр\Desktop\Курсовая работа Ивлев Степанов\WAR_SHIP\x64\Debug\glfw3.pdb"; компоновка объекта выполняется как при отсутствии отладочных данных
  WAR_SHIP.vcxproj -> C:\Users\Александр\Desktop\Курсовая работа Ивлев Степанов\WAR_SHIP\x64\Debug\WAR_SHIP.exe
